C51 COMPILER V9.00   MAIN                                                                  11/20/2015 18:09:23 PAGE 1   


C51 COMPILER V9.00, COMPILATION OF MODULE MAIN
OBJECT MODULE PLACED IN main.obj
COMPILER INVOKED BY: C:\Keil\C51\BIN\C51.EXE Recoder\main.c BROWSE INCDIR(.\Recoder) DEBUG OBJECTEXTEND PRINT(.\main.lst
                    -) TABS(2) OBJECT(main.obj)

line level    source

   1          #include "STC12C5A60S2.H"
   2          #include "usart.h"
   3          #include "adc.h"
   4          
   5          void main(void)
   6          {
   7   1        unsigned char adc_value = 0;
   8   1      
   9   1        usart_init();
  10   1        InitADC();
  11   1        
  12   1        while (1)
  13   1        {
  14   2          adc_value = GetADCResult(0);
  15   2          uart_printf("ADC value is %d!\r\n", (unsigned int)adc_value);
  16   2        }
  17   1      }


MODULE INFORMATION:   STATIC OVERLAYABLE
   CODE SIZE        =     32    ----
   CONSTANT SIZE    =     19    ----
   XDATA SIZE       =   ----    ----
   PDATA SIZE       =   ----    ----
   DATA SIZE        =   ----       1
   IDATA SIZE       =   ----    ----
   BIT SIZE         =   ----    ----
END OF MODULE INFORMATION.


C51 COMPILATION COMPLETE.  0 WARNING(S),  0 ERROR(S)
